<?xml version="1.0" encoding="UTF-8" standalone="no"?>
<testsuite failures="2" name="cucumber.runtime.formatter.JUnitFormatter" skipped="0" tests="5" time="559.253018">
<testcase classname="Validate the Shopping Functionality of IKEA" name="Validate the Shopping Functionality by adding a prodruct to Cart" time="142.317949">
<failure message="org.openqa.selenium.ElementNotInteractableException: element not interactable&#10;  (Session info: chrome=117.0.5938.132)&#10;Build info: version: '4.10.0', revision: 'c14d967899'&#10;System info: os.name: 'Windows 11', os.arch: 'amd64', os.version: '10.0', java.version: '1.8.0_371'&#10;Driver info: org.openqa.selenium.chrome.ChromeDriver&#10;Command: [8f2ee3e754f212a57879a3e67a78b8a9, sendKeysToElement {id=1E5B5C8383A4B89B75C5B77A399781E5_element_137, value=[Ljava.lang.CharSequence;@108531c2}]&#10;Capabilities {acceptInsecureCerts: false, browserName: chrome, browserVersion: 117.0.5938.132, chrome: {chromedriverVersion: 117.0.5938.92 (67649b10b92b..., userDataDir: C:\Users\HP\AppData\Local\T...}, fedcm:accounts: true, goog:chromeOptions: {debuggerAddress: localhost:51274}, networkConnectionEnabled: false, pageLoadStrategy: normal, platformName: windows, proxy: Proxy(), se:cdp: ws://localhost:51274/devtoo..., se:cdpVersion: 117.0.5938.132, setWindowRect: true, strictFileInteractability: false, timeouts: {implicit: 0, pageLoad: 300000, script: 30000}, unhandledPromptBehavior: dismiss and notify, webauthn:extension:credBlob: true, webauthn:extension:largeBlob: true, webauthn:extension:minPinLength: true, webauthn:extension:prf: true, webauthn:virtualAuthenticators: true}&#10;Element: [[ChromeDriver: chrome on windows (8f2ee3e754f212a57879a3e67a78b8a9)] -&gt; xpath: //input[@inputmode='numeric']]&#10;Session ID: 8f2ee3e754f212a57879a3e67a78b8a9&#13;&#10;&#9;at sun.reflect.NativeConstructorAccessorImpl.newInstance0(Native Method)&#13;&#10;&#9;at sun.reflect.NativeConstructorAccessorImpl.newInstance(Unknown Source)&#13;&#10;&#9;at sun.reflect.DelegatingConstructorAccessorImpl.newInstance(Unknown Source)&#13;&#10;&#9;at java.lang.reflect.Constructor.newInstance(Unknown Source)&#13;&#10;&#9;at org.openqa.selenium.remote.codec.w3c.W3CHttpResponseCodec.createException(W3CHttpResponseCodec.java:199)&#13;&#10;&#9;at org.openqa.selenium.remote.codec.w3c.W3CHttpResponseCodec.decode(W3CHttpResponseCodec.java:132)&#13;&#10;&#9;at org.openqa.selenium.remote.codec.w3c.W3CHttpResponseCodec.decode(W3CHttpResponseCodec.java:51)&#13;&#10;&#9;at org.openqa.selenium.remote.HttpCommandExecutor.execute(HttpCommandExecutor.java:191)&#13;&#10;&#9;at org.openqa.selenium.remote.service.DriverCommandExecutor.invokeExecute(DriverCommandExecutor.java:196)&#13;&#10;&#9;at org.openqa.selenium.remote.service.DriverCommandExecutor.execute(DriverCommandExecutor.java:171)&#13;&#10;&#9;at org.openqa.selenium.remote.RemoteWebDriver.execute(RemoteWebDriver.java:531)&#13;&#10;&#9;at org.openqa.selenium.remote.RemoteWebElement.execute(RemoteWebElement.java:242)&#13;&#10;&#9;at org.openqa.selenium.remote.RemoteWebElement.sendKeys(RemoteWebElement.java:111)&#13;&#10;&#9;at sun.reflect.NativeMethodAccessorImpl.invoke0(Native Method)&#13;&#10;&#9;at sun.reflect.NativeMethodAccessorImpl.invoke(Unknown Source)&#13;&#10;&#9;at sun.reflect.DelegatingMethodAccessorImpl.invoke(Unknown Source)&#13;&#10;&#9;at java.lang.reflect.Method.invoke(Unknown Source)&#13;&#10;&#9;at org.openqa.selenium.support.pagefactory.internal.LocatingElementHandler.invoke(LocatingElementHandler.java:51)&#13;&#10;&#9;at com.sun.proxy.$Proxy21.sendKeys(Unknown Source)&#13;&#10;&#9;at org.SourceClass.UtilityClass.FilltextBox(UtilityClass.java:83)&#13;&#10;&#9;at org.IkeaStepDefrnition.IkeaSteps.user_should_enter_valid_details_in_all_fields(IkeaSteps.java:129)&#13;&#10;&#9;at ✽.User should enter valid details in all fields(src/test/resources/FeatureFile/Ikea.feature:16)&#13;&#10;"><![CDATA[When User should should Click Products option from the page.................passed
And User should click Storage and organization from dropdown................passed
And User should click Cabinets and Cupboards from options...................passed
And user should click Storage units and Cabinets............................passed
And user should click storage units and cabinets for home...................passed
And User should scrolldown and click the product............................passed
Then Use should click Add to Bag option.....................................passed
Then User should click continue to bag and click continue to checkout.......passed
Then User should click guest login..........................................passed
Then User should enter valid details in all fields..........................failed

StackTrace:
org.openqa.selenium.ElementNotInteractableException: element not interactable
  (Session info: chrome=117.0.5938.132)
Build info: version: '4.10.0', revision: 'c14d967899'
System info: os.name: 'Windows 11', os.arch: 'amd64', os.version: '10.0', java.version: '1.8.0_371'
Driver info: org.openqa.selenium.chrome.ChromeDriver
Command: [8f2ee3e754f212a57879a3e67a78b8a9, sendKeysToElement {id=1E5B5C8383A4B89B75C5B77A399781E5_element_137, value=[Ljava.lang.CharSequence;@108531c2}]
Capabilities {acceptInsecureCerts: false, browserName: chrome, browserVersion: 117.0.5938.132, chrome: {chromedriverVersion: 117.0.5938.92 (67649b10b92b..., userDataDir: C:\Users\HP\AppData\Local\T...}, fedcm:accounts: true, goog:chromeOptions: {debuggerAddress: localhost:51274}, networkConnectionEnabled: false, pageLoadStrategy: normal, platformName: windows, proxy: Proxy(), se:cdp: ws://localhost:51274/devtoo..., se:cdpVersion: 117.0.5938.132, setWindowRect: true, strictFileInteractability: false, timeouts: {implicit: 0, pageLoad: 300000, script: 30000}, unhandledPromptBehavior: dismiss and notify, webauthn:extension:credBlob: true, webauthn:extension:largeBlob: true, webauthn:extension:minPinLength: true, webauthn:extension:prf: true, webauthn:virtualAuthenticators: true}
Element: [[ChromeDriver: chrome on windows (8f2ee3e754f212a57879a3e67a78b8a9)] -> xpath: //input[@inputmode='numeric']]
Session ID: 8f2ee3e754f212a57879a3e67a78b8a9
	at sun.reflect.NativeConstructorAccessorImpl.newInstance0(Native Method)
	at sun.reflect.NativeConstructorAccessorImpl.newInstance(Unknown Source)
	at sun.reflect.DelegatingConstructorAccessorImpl.newInstance(Unknown Source)
	at java.lang.reflect.Constructor.newInstance(Unknown Source)
	at org.openqa.selenium.remote.codec.w3c.W3CHttpResponseCodec.createException(W3CHttpResponseCodec.java:199)
	at org.openqa.selenium.remote.codec.w3c.W3CHttpResponseCodec.decode(W3CHttpResponseCodec.java:132)
	at org.openqa.selenium.remote.codec.w3c.W3CHttpResponseCodec.decode(W3CHttpResponseCodec.java:51)
	at org.openqa.selenium.remote.HttpCommandExecutor.execute(HttpCommandExecutor.java:191)
	at org.openqa.selenium.remote.service.DriverCommandExecutor.invokeExecute(DriverCommandExecutor.java:196)
	at org.openqa.selenium.remote.service.DriverCommandExecutor.execute(DriverCommandExecutor.java:171)
	at org.openqa.selenium.remote.RemoteWebDriver.execute(RemoteWebDriver.java:531)
	at org.openqa.selenium.remote.RemoteWebElement.execute(RemoteWebElement.java:242)
	at org.openqa.selenium.remote.RemoteWebElement.sendKeys(RemoteWebElement.java:111)
	at sun.reflect.NativeMethodAccessorImpl.invoke0(Native Method)
	at sun.reflect.NativeMethodAccessorImpl.invoke(Unknown Source)
	at sun.reflect.DelegatingMethodAccessorImpl.invoke(Unknown Source)
	at java.lang.reflect.Method.invoke(Unknown Source)
	at org.openqa.selenium.support.pagefactory.internal.LocatingElementHandler.invoke(LocatingElementHandler.java:51)
	at com.sun.proxy.$Proxy21.sendKeys(Unknown Source)
	at org.SourceClass.UtilityClass.FilltextBox(UtilityClass.java:83)
	at org.IkeaStepDefrnition.IkeaSteps.user_should_enter_valid_details_in_all_fields(IkeaSteps.java:129)
	at ✽.User should enter valid details in all fields(src/test/resources/FeatureFile/Ikea.feature:16)
]]></failure>
</testcase>
<testcase classname="Validate the Shopping Functionality of IKEA" name="Validate the search functionality of IKEA" time="52.062036">
<failure message="junit.framework.AssertionFailedError: expected:&lt;false&gt; but was:&lt;true&gt;&#13;&#10;&#9;at junit.framework.Assert.fail(Assert.java:57)&#13;&#10;&#9;at junit.framework.Assert.failNotEquals(Assert.java:329)&#13;&#10;&#9;at junit.framework.Assert.assertEquals(Assert.java:78)&#13;&#10;&#9;at junit.framework.Assert.assertEquals(Assert.java:174)&#13;&#10;&#9;at junit.framework.Assert.assertEquals(Assert.java:181)&#13;&#10;&#9;at org.IkeaStepDefrnition.IkeaSteps.user_should_select_the_item_from_the_page(IkeaSteps.java:156)&#13;&#10;&#9;at ✽.User should select the item from the page(src/test/resources/FeatureFile/Ikea.feature:21)&#13;&#10;"><![CDATA[When user should enter the Searchtext in Search Textbox.....................passed
And User should select the item from the page...............................failed

StackTrace:
junit.framework.AssertionFailedError: expected:<false> but was:<true>
	at junit.framework.Assert.fail(Assert.java:57)
	at junit.framework.Assert.failNotEquals(Assert.java:329)
	at junit.framework.Assert.assertEquals(Assert.java:78)
	at junit.framework.Assert.assertEquals(Assert.java:174)
	at junit.framework.Assert.assertEquals(Assert.java:181)
	at org.IkeaStepDefrnition.IkeaSteps.user_should_select_the_item_from_the_page(IkeaSteps.java:156)
	at ✽.User should select the item from the page(src/test/resources/FeatureFile/Ikea.feature:21)
]]></failure>
</testcase>
<testcase classname="Validate the Shopping Functionality of IKEA" name="Validate the login functionality of IKEA" time="101.980336">
<system-out><![CDATA[Given User Launch the Browser and Load the Url..............................passed
When User enter the inValid username "jayashreen8693@gmail.com"and invalid password"Jaiikea@8693".passed
And user should click continue button.......................................passed
]]></system-out>
</testcase>
<testcase classname="Validate the Shopping Functionality of IKEA" name="Validate the login functionality of IKEA 2" time="133.816832">
<system-out><![CDATA[Given User Launch the Browser and Load the Url..............................passed
When User enter the inValid username "sabari"and invalid password"sabari@123".passed
And user should click continue button.......................................passed
]]></system-out>
</testcase>
<testcase classname="Validate the Shopping Functionality of IKEA" name="Validate the login functionality of IKEA 3" time="129.075865">
<system-out><![CDATA[Given User Launch the Browser and Load the Url..............................passed
When User enter the inValid username "jayashreen8693@gmail.com"and invalid password"12345".passed
And user should click continue button.......................................passed
]]></system-out>
</testcase>
</testsuite>
